<?xml version="1.0" encoding="UTF-8"?>
<!-- Generated by org.testng.reporters.JUnitReportReporter -->
<testsuite skipped="0" hostname="DESKTOP-75OLIUH" name="ElementReporitoryAndMethodLibrary.AOL_LogOutVerificationPage" tests="1" failures="0" timestamp="07 Apr 2018 23:02:56 GMT" time="68.149" errors="0">
  <testcase name="TemporaryMethod_LogOutVerification" time="68.149" classname="ElementReporitoryAndMethodLibrary.AOL_LogOutVerificationPage"/>
</testsuite> <!-- ElementReporitoryAndMethodLibrary.AOL_LogOutVerificationPage -->
