<?xml version="1.0" encoding="UTF-8"?>
<!-- Generated by org.testng.reporters.JUnitReportReporter -->
<testsuite skipped="0" hostname="DESKTOP-75OLIUH" name="ElementReporitoryAndMethodLibrary.LoginPasswordPage" tests="1" failures="0" timestamp="07 Apr 2018 22:56:10 GMT" time="34.129" errors="0">
  <testcase name="TemporaryMethod_LoginPasswordPage2" time="34.129" classname="ElementReporitoryAndMethodLibrary.LoginPasswordPage"/>
</testsuite> <!-- ElementReporitoryAndMethodLibrary.LoginPasswordPage -->
