<?xml version="1.0" encoding="UTF-8"?>
<!-- Generated by org.testng.reporters.JUnitReportReporter -->
<testsuite skipped="0" hostname="DESKTOP-75OLIUH" name="ElementReporitoryAndMethodLibrary.AOL_HomePage" tests="1" failures="0" timestamp="07 Apr 2018 22:59:24 GMT" time="49.524" errors="0">
  <testcase name="TemporaryMethod_HomePage2" time="49.524" classname="ElementReporitoryAndMethodLibrary.AOL_HomePage"/>
</testsuite> <!-- ElementReporitoryAndMethodLibrary.AOL_HomePage -->
