<?xml version="1.0" encoding="UTF-8"?>
<!-- Generated by org.testng.reporters.JUnitReportReporter -->
<testsuite skipped="0" hostname="DESKTOP-75OLIUH" name="AutomationScripts.Automation_Test_SuiteOne" tests="1" failures="0" timestamp="07 Apr 2018 23:08:53 GMT" time="51.643" errors="0">
  <testcase name="TC_101_LoginCheck_AutomationObjectModel" time="51.643" classname="AutomationScripts.Automation_Test_SuiteOne"/>
</testsuite> <!-- AutomationScripts.Automation_Test_SuiteOne -->
