<?xml version="1.0" encoding="UTF-8"?>
<!-- Generated by org.testng.reporters.JUnitReportReporter -->
<testsuite skipped="0" hostname="DESKTOP-75OLIUH" name="ElementReporitoryAndMethodLibrary.LoginPage" tests="1" failures="0" timestamp="07 Apr 2018 22:53:34 GMT" time="22.526" errors="0">
  <testcase name="TemporaryMethod2" time="22.526" classname="ElementReporitoryAndMethodLibrary.LoginPage"/>
</testsuite> <!-- ElementReporitoryAndMethodLibrary.LoginPage -->
